情報: Serverのバージョン名:     Apache Tomcat/8.5.61 [火 4 27 19:01:01 JST 2021]
情報: Server ビルド:            Dec 3 2020 14:03:28 UTC [火 4 27 19:01:01 JST 2021]
情報: サーバーのバージョン番号: 8.5.61.0 [火 4 27 19:01:01 JST 2021]
情報: OS 名:                    Mac OS X [火 4 27 19:01:01 JST 2021]
情報: OS バージョン:            10.16 [火 4 27 19:01:01 JST 2021]
情報: アーキテクチャ:           x86_64 [火 4 27 19:01:01 JST 2021]
情報: Java Home:                /Applications/Eclipse_2020-12.app/Contents/java/8/Home/jre [火 4 27 19:01:01 JST 2021]
情報: JVM バージョン:           1.8.0_202-b08 [火 4 27 19:01:01 JST 2021]
情報: JVM ベンダ:               Oracle Corporation [火 4 27 19:01:01 JST 2021]
情報: CATALINA_BASE:            /Users/yamadaakihiro/GitHub/curriculum/JavaStudy/.metadata/.plugins/org.eclipse.wst.server.core/tmp0 [火 4 27 19:01:01 JST 2021]
情報: CATALINA_HOME:            /Applications/Eclipse_2020-12.app/Contents/tomcat/8 [火 4 27 19:01:01 JST 2021]
情報: コマンドライン引数:       -Djava.ext.dirs=/Applications/Eclipse_2020-12.app/Contents/java/8/Home/jre/lib/ext [火 4 27 19:01:01 JST 2021]
情報: コマンドライン引数:       -Dcatalina.base=/Users/yamadaakihiro/GitHub/curriculum/JavaStudy/.metadata/.plugins/org.eclipse.wst.server.core/tmp0 [火 4 27 19:01:01 JST 2021]
情報: コマンドライン引数:       -Dcatalina.home=/Applications/Eclipse_2020-12.app/Contents/tomcat/8 [火 4 27 19:01:01 JST 2021]
情報: コマンドライン引数:       -Dwtp.deploy=/Users/yamadaakihiro/GitHub/curriculum/JavaStudy/.metadata/.plugins/org.eclipse.wst.server.core/tmp0/wtpwebapps [火 4 27 19:01:01 JST 2021]
情報: コマンドライン引数:       -Djava.endorsed.dirs=/Applications/Eclipse_2020-12.app/Contents/tomcat/8/endorsed [火 4 27 19:01:01 JST 2021]
情報: コマンドライン引数:       -Dfile.encoding=UTF-8 [火 4 27 19:01:01 JST 2021]
情報: 商用環境に最適な性能を発揮する APR ベースの Tomcat ネイティブライブラリが java.library.path [/Users/yamadaakihiro/Library/Java/Extensions:/Library/Java/Extensions:/Network/Library/Java/Extensions:/System/Library/Java/Extensions:/usr/lib/java:.] に存在しません。 [火 4 27 19:01:01 JST 2021]
情報: プロトコルハンドラ ["http-nio-8080"] を初期化します。 [火 4 27 19:01:01 JST 2021]
情報: Using a shared selector for servlet write/read [火 4 27 19:01:01 JST 2021]
情報: Initialization processed in 773 ms [火 4 27 19:01:01 JST 2021]
情報: サービス [Catalina] を起動します [火 4 27 19:01:01 JST 2021]
情報: Starting Servlet Engine: Apache Tomcat/8.5.61 [火 4 27 19:01:01 JST 2021]
情報: 少なくとも1つのJARが、まだTLDを含んでいないTLDについてスキャンされました。 スキャンしたが、そこにTLDが見つからなかったJARの完全なリストについては、このロガーのデバッグログを有効にしてください。 スキャン中に不要なJARをスキップすると、起動時間とJSPのコンパイル時間が改善されます。 [火 4 27 19:01:02 JST 2021]
情報: 少なくとも1つのJARが、まだTLDを含んでいないTLDについてスキャンされました。 スキャンしたが、そこにTLDが見つからなかったJARの完全なリストについては、このロガーのデバッグログを有効にしてください。 スキャン中に不要なJARをスキップすると、起動時間とJSPのコンパイル時間が改善されます。 [火 4 27 19:01:02 JST 2021]
情報: プロトコルハンドラー ["http-nio-8080"] を開始しました。 [火 4 27 19:01:02 JST 2021]
情報: Server startup in 716 ms [火 4 27 19:01:02 JST 2021]
重大: パス[/MVC_Task]を持つコンテキスト内のサーブレット[jsp]のServlet.service() が例外[JSPのクラスをコンパイルできません: 

JSPファイル: [/login.jsp] の中の[11]行目でエラーが発生しました
Lambda expressions are allowed only at source level 1.8 or above
8: 
9: <%
10:     //リクエストより社員番号を取得: 関数型インターフェース（ラムダ式）
11:     Function<HttpServletRequest, Object[]> rmdGetResponseInfo = (rmdRequest) -> {
12:         // request: responseBean
13:         ResponseBean rb = (ResponseBean) request.getAttribute("responseBean");
14:         int requestStatus = 0;


Stacktrace:]が根本的要因と共に投げられました。 [火 4 27 19:01:04 JST 2021]
[MEMORY:44661240][2021/04/27 07:27:21.360] [org.apache.jsp.employeeResult_jsp] [_jspService] [136] セッションなし
[MEMORY:44661240][2021/04/27 07:27:21.362] [org.apache.jsp.employeeResult_jsp] [_jspService] [151] java.lang.NullPointerException
重大: パス[/MVC_Task]を持つコンテキスト内のサーブレット[jsp]のServlet.service() が例外[[/employeeResult.jsp] の処理中に行番号 [52] で例外が発生しました。

49:         <!-- FIXME Step-2-2: 式（Expression）を用いてメッセージ（message）を表示しなさい。 -->
50:         <p>[ここへ記述]</p>
51:     <% } %>
52:     <% if (!empResultList.isEmpty()) { %>
53:     <div class="div-table-list">
54:         <table id="resultTable" class="table-emp-list" border="1">
55:         <caption class="">【社員情報】</caption>


Stacktrace:]が根本的要因と共に投げられました。 [火 4 27 19:27:21 JST 2021]
重大: パス[/MVC_Task]を持つコンテキスト内のサーブレット[jsp]のServlet.service() が例外[JSPのクラスをコンパイルできません: 

JSPファイル: [/login.jsp] の中の[11]行目でエラーが発生しました
Lambda expressions are allowed only at source level 1.8 or above
8: 
9: <%
10:     //リクエストより社員番号を取得: 関数型インターフェース（ラムダ式）
11:     Function<HttpServletRequest, Object[]> rmdGetResponseInfo = (rmdRequest) -> {
12:         // request: responseBean
13:         ResponseBean rb = (ResponseBean) request.getAttribute("responseBean");
14:         int requestStatus = 0;


Stacktrace:]が根本的要因と共に投げられました。 [火 4 27 19:30:06 JST 2021]
重大: パス[/MVC_Task]を持つコンテキスト内のサーブレット[jsp]のServlet.service() が例外[JSPのクラスをコンパイルできません: 

JSPファイル: [/login.jsp] の中の[11]行目でエラーが発生しました
Lambda expressions are allowed only at source level 1.8 or above
8: 
9: <%
10:     //リクエストより社員番号を取得: 関数型インターフェース（ラムダ式）
11:     Function<HttpServletRequest, Object[]> rmdGetResponseInfo = (rmdRequest) -> {
12:         // request: responseBean
13:         ResponseBean rb = (ResponseBean) request.getAttribute("responseBean");
14:         int requestStatus = 0;


Stacktrace:]が根本的要因と共に投げられました。 [火 4 27 19:42:20 JST 2021]
